1695213509.035848 client started (318841): version 3.2a, socket /tmp/tmux-1000/default, protocol 8
1695213509.035912 on Linux 6.2.0-33-generic #33~22.04.1-Ubuntu SMP PREEMPT_DYNAMIC Thu Sep  7 10:33:52 UTC 2
1695213509.035942 using libevent 2.1.12-stable (poll); ncurses 6.3
1695213509.035998 flags are 0x18010000
1695213509.036009 socket is /tmp/tmux-1000/default
1695213509.036037 trying connect
1695213509.036080 connect failed: No such file or directory
1695213509.036124 lock file is /tmp/tmux-1000/default.lock
1695213509.036193 flock succeeded
1695213509.036205 got lock (6)
1695213509.036226 trying connect
1695213509.036250 connect failed: No such file or directory
1695213509.036937 add peer 0x55bcfa77c240: 7 ((nil))
1695213509.038155 sending message 100 to peer 0x55bcfa77c240 (4 bytes)
1695213509.038183 sending message 111 to peer 0x55bcfa77c240 (8 bytes)
1695213509.038195 sending message 101 to peer 0x55bcfa77c240 (15 bytes)
1695213509.038207 sending message 109 to peer 0x55bcfa77c240 (4 bytes)
1695213509.038218 sending message 102 to peer 0x55bcfa77c240 (11 bytes)
1695213509.038235 sending message 108 to peer 0x55bcfa77c240 (22 bytes)
1695213509.038247 sending message 112 to peer 0x55bcfa77c240 (58 bytes)
1695213509.038260 sending message 112 to peer 0x55bcfa77c240 (5 bytes)
1695213509.038271 sending message 112 to peer 0x55bcfa77c240 (5 bytes)
1695213509.038282 sending message 112 to peer 0x55bcfa77c240 (6 bytes)
1695213509.038294 sending message 112 to peer 0x55bcfa77c240 (6 bytes)
1695213509.038306 sending message 112 to peer 0x55bcfa77c240 (11 bytes)
1695213509.038317 sending message 112 to peer 0x55bcfa77c240 (10 bytes)
1695213509.038328 sending message 112 to peer 0x55bcfa77c240 (13 bytes)
1695213509.038340 sending message 112 to peer 0x55bcfa77c240 (14 bytes)
1695213509.038351 sending message 112 to peer 0x55bcfa77c240 (19 bytes)
1695213509.038362 sending message 112 to peer 0x55bcfa77c240 (11 bytes)
1695213509.038373 sending message 112 to peer 0x55bcfa77c240 (10 bytes)
1695213509.038385 sending message 112 to peer 0x55bcfa77c240 (15 bytes)
1695213509.038396 sending message 112 to peer 0x55bcfa77c240 (21 bytes)
1695213509.038407 sending message 112 to peer 0x55bcfa77c240 (13 bytes)
1695213509.038418 sending message 112 to peer 0x55bcfa77c240 (7 bytes)
1695213509.038430 sending message 112 to peer 0x55bcfa77c240 (13 bytes)
1695213509.038441 sending message 112 to peer 0x55bcfa77c240 (7 bytes)
1695213509.038452 sending message 112 to peer 0x55bcfa77c240 (13 bytes)
1695213509.038464 sending message 112 to peer 0x55bcfa77c240 (9 bytes)
1695213509.038475 sending message 112 to peer 0x55bcfa77c240 (21 bytes)
1695213509.038487 sending message 112 to peer 0x55bcfa77c240 (13 bytes)
1695213509.038499 sending message 112 to peer 0x55bcfa77c240 (9 bytes)
1695213509.038510 sending message 112 to peer 0x55bcfa77c240 (16 bytes)
1695213509.038521 sending message 112 to peer 0x55bcfa77c240 (13 bytes)
1695213509.038532 sending message 112 to peer 0x55bcfa77c240 (9 bytes)
1695213509.038544 sending message 112 to peer 0x55bcfa77c240 (9 bytes)
1695213509.038555 sending message 112 to peer 0x55bcfa77c240 (12 bytes)
1695213509.038566 sending message 112 to peer 0x55bcfa77c240 (8 bytes)
1695213509.038577 sending message 112 to peer 0x55bcfa77c240 (8 bytes)
1695213509.038589 sending message 112 to peer 0x55bcfa77c240 (13 bytes)
1695213509.038600 sending message 112 to peer 0x55bcfa77c240 (7 bytes)
1695213509.038611 sending message 112 to peer 0x55bcfa77c240 (7 bytes)
1695213509.038622 sending message 112 to peer 0x55bcfa77c240 (9 bytes)
1695213509.038634 sending message 112 to peer 0x55bcfa77c240 (9 bytes)
1695213509.038645 sending message 112 to peer 0x55bcfa77c240 (15 bytes)
1695213509.038656 sending message 112 to peer 0x55bcfa77c240 (13 bytes)
1695213509.038667 sending message 112 to peer 0x55bcfa77c240 (12 bytes)
1695213509.038678 sending message 112 to peer 0x55bcfa77c240 (8 bytes)
1695213509.038690 sending message 112 to peer 0x55bcfa77c240 (14 bytes)
1695213509.038701 sending message 112 to peer 0x55bcfa77c240 (11 bytes)
1695213509.038712 sending message 112 to peer 0x55bcfa77c240 (9 bytes)
1695213509.038742 sending message 112 to peer 0x55bcfa77c240 (10 bytes)
1695213509.038754 sending message 112 to peer 0x55bcfa77c240 (10 bytes)
1695213509.038766 sending message 112 to peer 0x55bcfa77c240 (10 bytes)
1695213509.038777 sending message 112 to peer 0x55bcfa77c240 (10 bytes)
1695213509.038789 sending message 112 to peer 0x55bcfa77c240 (11 bytes)
1695213509.038800 sending message 112 to peer 0x55bcfa77c240 (12 bytes)
1695213509.038812 sending message 112 to peer 0x55bcfa77c240 (12 bytes)
1695213509.038823 sending message 112 to peer 0x55bcfa77c240 (12 bytes)
1695213509.038834 sending message 112 to peer 0x55bcfa77c240 (12 bytes)
1695213509.038845 sending message 112 to peer 0x55bcfa77c240 (12 bytes)
1695213509.038857 sending message 112 to peer 0x55bcfa77c240 (11 bytes)
1695213509.038868 sending message 112 to peer 0x55bcfa77c240 (11 bytes)
1695213509.038879 sending message 112 to peer 0x55bcfa77c240 (12 bytes)
1695213509.038890 sending message 112 to peer 0x55bcfa77c240 (12 bytes)
1695213509.038901 sending message 112 to peer 0x55bcfa77c240 (12 bytes)
1695213509.038912 sending message 112 to peer 0x55bcfa77c240 (12 bytes)
1695213509.038924 sending message 112 to peer 0x55bcfa77c240 (12 bytes)
1695213509.038935 sending message 112 to peer 0x55bcfa77c240 (9 bytes)
1695213509.038946 sending message 112 to peer 0x55bcfa77c240 (12 bytes)
1695213509.038958 sending message 112 to peer 0x55bcfa77c240 (13 bytes)
1695213509.038969 sending message 112 to peer 0x55bcfa77c240 (13 bytes)
1695213509.038980 sending message 112 to peer 0x55bcfa77c240 (13 bytes)
1695213509.038991 sending message 112 to peer 0x55bcfa77c240 (13 bytes)
1695213509.039002 sending message 112 to peer 0x55bcfa77c240 (13 bytes)
1695213509.039013 sending message 112 to peer 0x55bcfa77c240 (8 bytes)
1695213509.039024 sending message 112 to peer 0x55bcfa77c240 (11 bytes)
1695213509.039036 sending message 112 to peer 0x55bcfa77c240 (11 bytes)
1695213509.039047 sending message 112 to peer 0x55bcfa77c240 (11 bytes)
1695213509.039058 sending message 112 to peer 0x55bcfa77c240 (12 bytes)
1695213509.039069 sending message 112 to peer 0x55bcfa77c240 (12 bytes)
1695213509.039080 sending message 112 to peer 0x55bcfa77c240 (12 bytes)
1695213509.039091 sending message 112 to peer 0x55bcfa77c240 (12 bytes)
1695213509.039102 sending message 112 to peer 0x55bcfa77c240 (13 bytes)
1695213509.039113 sending message 112 to peer 0x55bcfa77c240 (13 bytes)
1695213509.039125 sending message 112 to peer 0x55bcfa77c240 (13 bytes)
1695213509.039136 sending message 112 to peer 0x55bcfa77c240 (8 bytes)
1695213509.039147 sending message 112 to peer 0x55bcfa77c240 (13 bytes)
1695213509.039169 sending message 112 to peer 0x55bcfa77c240 (13 bytes)
1695213509.039188 sending message 112 to peer 0x55bcfa77c240 (13 bytes)
1695213509.039214 sending message 112 to peer 0x55bcfa77c240 (13 bytes)
1695213509.039235 sending message 112 to peer 0x55bcfa77c240 (13 bytes)
1695213509.039266 sending message 112 to peer 0x55bcfa77c240 (12 bytes)
1695213509.039289 sending message 112 to peer 0x55bcfa77c240 (12 bytes)
1695213509.039309 sending message 112 to peer 0x55bcfa77c240 (12 bytes)
1695213509.039321 sending message 112 to peer 0x55bcfa77c240 (12 bytes)
1695213509.039333 sending message 112 to peer 0x55bcfa77c240 (13 bytes)
1695213509.039344 sending message 112 to peer 0x55bcfa77c240 (8 bytes)
1695213509.039355 sending message 112 to peer 0x55bcfa77c240 (13 bytes)
1695213509.039366 sending message 112 to peer 0x55bcfa77c240 (13 bytes)
1695213509.039378 sending message 112 to peer 0x55bcfa77c240 (13 bytes)
1695213509.039389 sending message 112 to peer 0x55bcfa77c240 (13 bytes)
1695213509.039400 sending message 112 to peer 0x55bcfa77c240 (13 bytes)
1695213509.039411 sending message 112 to peer 0x55bcfa77c240 (13 bytes)
1695213509.039422 sending message 112 to peer 0x55bcfa77c240 (13 bytes)
1695213509.039434 sending message 112 to peer 0x55bcfa77c240 (12 bytes)
1695213509.039445 sending message 112 to peer 0x55bcfa77c240 (12 bytes)
1695213509.039456 sending message 112 to peer 0x55bcfa77c240 (12 bytes)
1695213509.039481 sending message 112 to peer 0x55bcfa77c240 (8 bytes)
1695213509.039493 sending message 112 to peer 0x55bcfa77c240 (12 bytes)
1695213509.039504 sending message 112 to peer 0x55bcfa77c240 (13 bytes)
1695213509.039516 sending message 112 to peer 0x55bcfa77c240 (13 bytes)
1695213509.039527 sending message 112 to peer 0x55bcfa77c240 (13 bytes)
1695213509.039538 sending message 112 to peer 0x55bcfa77c240 (13 bytes)
1695213509.039550 sending message 112 to peer 0x55bcfa77c240 (13 bytes)
1695213509.039561 sending message 112 to peer 0x55bcfa77c240 (13 bytes)
1695213509.039572 sending message 112 to peer 0x55bcfa77c240 (13 bytes)
1695213509.039583 sending message 112 to peer 0x55bcfa77c240 (13 bytes)
1695213509.039594 sending message 112 to peer 0x55bcfa77c240 (12 bytes)
1695213509.039605 sending message 112 to peer 0x55bcfa77c240 (10 bytes)
1695213509.039616 sending message 112 to peer 0x55bcfa77c240 (12 bytes)
1695213509.039628 sending message 112 to peer 0x55bcfa77c240 (12 bytes)
1695213509.039638 sending message 112 to peer 0x55bcfa77c240 (12 bytes)
1695213509.039649 sending message 112 to peer 0x55bcfa77c240 (13 bytes)
1695213509.039660 sending message 112 to peer 0x55bcfa77c240 (13 bytes)
1695213509.039672 sending message 112 to peer 0x55bcfa77c240 (13 bytes)
1695213509.039683 sending message 112 to peer 0x55bcfa77c240 (13 bytes)
1695213509.039694 sending message 112 to peer 0x55bcfa77c240 (13 bytes)
1695213509.039705 sending message 112 to peer 0x55bcfa77c240 (13 bytes)
1695213509.039716 sending message 112 to peer 0x55bcfa77c240 (13 bytes)
1695213509.039727 sending message 112 to peer 0x55bcfa77c240 (10 bytes)
1695213509.039738 sending message 112 to peer 0x55bcfa77c240 (13 bytes)
1695213509.039750 sending message 112 to peer 0x55bcfa77c240 (12 bytes)
1695213509.039761 sending message 112 to peer 0x55bcfa77c240 (12 bytes)
1695213509.039772 sending message 112 to peer 0x55bcfa77c240 (12 bytes)
1695213509.039783 sending message 112 to peer 0x55bcfa77c240 (10 bytes)
1695213509.039794 sending message 112 to peer 0x55bcfa77c240 (10 bytes)
1695213509.039806 sending message 112 to peer 0x55bcfa77c240 (10 bytes)
1695213509.039817 sending message 112 to peer 0x55bcfa77c240 (12 bytes)
1695213509.039828 sending message 112 to peer 0x55bcfa77c240 (13 bytes)
1695213509.039839 sending message 112 to peer 0x55bcfa77c240 (13 bytes)
1695213509.039850 sending message 112 to peer 0x55bcfa77c240 (13 bytes)
1695213509.039861 sending message 112 to peer 0x55bcfa77c240 (13 bytes)
1695213509.039873 sending message 112 to peer 0x55bcfa77c240 (13 bytes)
1695213509.039884 sending message 112 to peer 0x55bcfa77c240 (10 bytes)
1695213509.039895 sending message 112 to peer 0x55bcfa77c240 (11 bytes)
1695213509.039906 sending message 112 to peer 0x55bcfa77c240 (12 bytes)
1695213509.039917 sending message 112 to peer 0x55bcfa77c240 (12 bytes)
1695213509.039929 sending message 112 to peer 0x55bcfa77c240 (12 bytes)
1695213509.039940 sending message 112 to peer 0x55bcfa77c240 (12 bytes)
1695213509.039951 sending message 112 to peer 0x55bcfa77c240 (12 bytes)
1695213509.039962 sending message 112 to peer 0x55bcfa77c240 (11 bytes)
1695213509.039973 sending message 112 to peer 0x55bcfa77c240 (12 bytes)
1695213509.039985 sending message 112 to peer 0x55bcfa77c240 (12 bytes)
1695213509.039996 sending message 112 to peer 0x55bcfa77c240 (13 bytes)
1695213509.040007 sending message 112 to peer 0x55bcfa77c240 (13 bytes)
1695213509.040018 sending message 112 to peer 0x55bcfa77c240 (13 bytes)
1695213509.040029 sending message 112 to peer 0x55bcfa77c240 (13 bytes)
1695213509.040040 sending message 112 to peer 0x55bcfa77c240 (13 bytes)
1695213509.040051 sending message 112 to peer 0x55bcfa77c240 (10 bytes)
1695213509.040062 sending message 112 to peer 0x55bcfa77c240 (9 bytes)
1695213509.040073 sending message 112 to peer 0x55bcfa77c240 (12 bytes)
1695213509.040085 sending message 112 to peer 0x55bcfa77c240 (13 bytes)
1695213509.040096 sending message 112 to peer 0x55bcfa77c240 (13 bytes)
1695213509.040117 sending message 112 to peer 0x55bcfa77c240 (13 bytes)
1695213509.040128 sending message 112 to peer 0x55bcfa77c240 (13 bytes)
1695213509.040140 sending message 112 to peer 0x55bcfa77c240 (13 bytes)
1695213509.040151 sending message 112 to peer 0x55bcfa77c240 (9 bytes)
1695213509.040162 sending message 112 to peer 0x55bcfa77c240 (12 bytes)
1695213509.040174 sending message 112 to peer 0x55bcfa77c240 (13 bytes)
1695213509.040185 sending message 112 to peer 0x55bcfa77c240 (13 bytes)
1695213509.040197 sending message 112 to peer 0x55bcfa77c240 (13 bytes)
1695213509.040208 sending message 112 to peer 0x55bcfa77c240 (13 bytes)
1695213509.040220 sending message 112 to peer 0x55bcfa77c240 (13 bytes)
1695213509.040231 sending message 112 to peer 0x55bcfa77c240 (11 bytes)
1695213509.040242 sending message 112 to peer 0x55bcfa77c240 (12 bytes)
1695213509.040253 sending message 112 to peer 0x55bcfa77c240 (13 bytes)
1695213509.040264 sending message 112 to peer 0x55bcfa77c240 (13 bytes)
1695213509.040275 sending message 112 to peer 0x55bcfa77c240 (13 bytes)
1695213509.040286 sending message 112 to peer 0x55bcfa77c240 (13 bytes)
1695213509.040297 sending message 112 to peer 0x55bcfa77c240 (13 bytes)
1695213509.040308 sending message 112 to peer 0x55bcfa77c240 (11 bytes)
1695213509.040319 sending message 112 to peer 0x55bcfa77c240 (12 bytes)
1695213509.040363 sending message 112 to peer 0x55bcfa77c240 (12 bytes)
1695213509.040392 sending message 112 to peer 0x55bcfa77c240 (12 bytes)
1695213509.040413 sending message 112 to peer 0x55bcfa77c240 (12 bytes)
1695213509.040444 sending message 112 to peer 0x55bcfa77c240 (12 bytes)
1695213509.040456 sending message 112 to peer 0x55bcfa77c240 (21 bytes)
1695213509.040467 sending message 112 to peer 0x55bcfa77c240 (12 bytes)
1695213509.040478 sending message 112 to peer 0x55bcfa77c240 (9 bytes)
1695213509.040489 sending message 112 to peer 0x55bcfa77c240 (6 bytes)
1695213509.040501 sending message 112 to peer 0x55bcfa77c240 (13 bytes)
1695213509.040512 sending message 112 to peer 0x55bcfa77c240 (10 bytes)
1695213509.040523 sending message 112 to peer 0x55bcfa77c240 (24 bytes)
1695213509.040534 sending message 112 to peer 0x55bcfa77c240 (13 bytes)
1695213509.040544 sending message 112 to peer 0x55bcfa77c240 (9 bytes)
1695213509.040555 sending message 112 to peer 0x55bcfa77c240 (70 bytes)
1695213509.040567 sending message 112 to peer 0x55bcfa77c240 (69 bytes)
1695213509.040578 sending message 112 to peer 0x55bcfa77c240 (12 bytes)
1695213509.040589 sending message 112 to peer 0x55bcfa77c240 (10 bytes)
1695213509.040599 sending message 112 to peer 0x55bcfa77c240 (10 bytes)
1695213509.040610 sending message 112 to peer 0x55bcfa77c240 (24 bytes)
1695213509.040628 sending message 112 to peer 0x55bcfa77c240 (13 bytes)
1695213509.040639 sending message 112 to peer 0x55bcfa77c240 (10 bytes)
1695213509.040650 sending message 112 to peer 0x55bcfa77c240 (10 bytes)
1695213509.040660 sending message 112 to peer 0x55bcfa77c240 (10 bytes)
1695213509.040671 sending message 112 to peer 0x55bcfa77c240 (13 bytes)
1695213509.040682 sending message 112 to peer 0x55bcfa77c240 (15 bytes)
1695213509.040693 sending message 112 to peer 0x55bcfa77c240 (5 bytes)
1695213509.040707 sending message 104 to peer 0x55bcfa77c240 (0 bytes)
1695213509.040720 sending message 110 to peer 0x55bcfa77c240 (0 bytes)
1695213509.040742 sending message 107 to peer 0x55bcfa77c240 (4 bytes)
1695213509.040762 sending message 105 to peer 0x55bcfa77c240 (23 bytes)
1695213509.040783 sending message 105 to peer 0x55bcfa77c240 (41 bytes)
1695213509.040803 sending message 105 to peer 0x55bcfa77c240 (76 bytes)
1695213509.040824 sending message 105 to peer 0x55bcfa77c240 (13 bytes)
1695213509.040854 sending message 105 to peer 0x55bcfa77c240 (86 bytes)
1695213509.040889 sending message 105 to peer 0x55bcfa77c240 (33 bytes)
1695213509.040907 sending message 105 to peer 0x55bcfa77c240 (17 bytes)
1695213509.040918 sending message 105 to peer 0x55bcfa77c240 (24 bytes)
1695213509.040929 sending message 105 to peer 0x55bcfa77c240 (18 bytes)
1695213509.040954 sending message 105 to peer 0x55bcfa77c240 (18 bytes)
1695213509.040966 sending message 105 to peer 0x55bcfa77c240 (52 bytes)
1695213509.040977 sending message 105 to peer 0x55bcfa77c240 (8 bytes)
1695213509.040988 sending message 105 to peer 0x55bcfa77c240 (23 bytes)
1695213509.040999 sending message 105 to peer 0x55bcfa77c240 (23 bytes)
1695213509.041009 sending message 105 to peer 0x55bcfa77c240 (21 bytes)
1695213509.041020 sending message 105 to peer 0x55bcfa77c240 (26 bytes)
1695213509.041031 sending message 105 to peer 0x55bcfa77c240 (14 bytes)
1695213509.041042 sending message 105 to peer 0x55bcfa77c240 (54 bytes)
1695213509.041052 sending message 105 to peer 0x55bcfa77c240 (17 bytes)
1695213509.041063 sending message 105 to peer 0x55bcfa77c240 (33 bytes)
1695213509.041074 sending message 105 to peer 0x55bcfa77c240 (28 bytes)
1695213509.041091 sending message 105 to peer 0x55bcfa77c240 (45 bytes)
1695213509.041103 sending message 105 to peer 0x55bcfa77c240 (13 bytes)
1695213509.041114 sending message 105 to peer 0x55bcfa77c240 (27 bytes)
1695213509.041124 sending message 105 to peer 0x55bcfa77c240 (19 bytes)
1695213509.041135 sending message 105 to peer 0x55bcfa77c240 (44 bytes)
1695213509.041146 sending message 105 to peer 0x55bcfa77c240 (14 bytes)
1695213509.041157 sending message 105 to peer 0x55bcfa77c240 (11 bytes)
1695213509.041168 sending message 105 to peer 0x55bcfa77c240 (29 bytes)
1695213509.041178 sending message 105 to peer 0x55bcfa77c240 (15 bytes)
1695213509.041190 sending message 105 to peer 0x55bcfa77c240 (114 bytes)
1695213509.041201 sending message 105 to peer 0x55bcfa77c240 (31 bytes)
1695213509.041212 sending message 105 to peer 0x55bcfa77c240 (102 bytes)
1695213509.041223 sending message 105 to peer 0x55bcfa77c240 (20 bytes)
1695213509.041233 sending message 105 to peer 0x55bcfa77c240 (19 bytes)
1695213509.041250 sending message 105 to peer 0x55bcfa77c240 (21 bytes)
1695213509.041261 sending message 105 to peer 0x55bcfa77c240 (32 bytes)
1695213509.041272 sending message 105 to peer 0x55bcfa77c240 (19 bytes)
1695213509.041283 sending message 105 to peer 0x55bcfa77c240 (18 bytes)
1695213509.041294 sending message 105 to peer 0x55bcfa77c240 (19 bytes)
1695213509.041304 sending message 105 to peer 0x55bcfa77c240 (17 bytes)
1695213509.041315 sending message 105 to peer 0x55bcfa77c240 (12 bytes)
1695213509.041326 sending message 105 to peer 0x55bcfa77c240 (20 bytes)
1695213509.041337 sending message 105 to peer 0x55bcfa77c240 (41 bytes)
1695213509.041348 sending message 105 to peer 0x55bcfa77c240 (14 bytes)
1695213509.041358 sending message 105 to peer 0x55bcfa77c240 (23 bytes)
1695213509.041369 sending message 105 to peer 0x55bcfa77c240 (20 bytes)
1695213509.041380 sending message 105 to peer 0x55bcfa77c240 (17 bytes)
1695213509.041391 sending message 105 to peer 0x55bcfa77c240 (11 bytes)
1695213509.041401 sending message 105 to peer 0x55bcfa77c240 (18 bytes)
1695213509.041412 sending message 105 to peer 0x55bcfa77c240 (8 bytes)
1695213509.041429 sending message 105 to peer 0x55bcfa77c240 (16 bytes)
1695213509.041440 sending message 105 to peer 0x55bcfa77c240 (12 bytes)
1695213509.041451 sending message 105 to peer 0x55bcfa77c240 (20 bytes)
1695213509.041461 sending message 105 to peer 0x55bcfa77c240 (24 bytes)
1695213509.041472 sending message 105 to peer 0x55bcfa77c240 (11 bytes)
1695213509.041482 sending message 105 to peer 0x55bcfa77c240 (8 bytes)
1695213509.041493 sending message 105 to peer 0x55bcfa77c240 (32 bytes)
1695213509.041505 sending message 105 to peer 0x55bcfa77c240 (1519 bytes)
1695213509.041566 sending message 105 to peer 0x55bcfa77c240 (10 bytes)
1695213509.041578 sending message 105 to peer 0x55bcfa77c240 (24 bytes)
1695213509.041590 sending message 105 to peer 0x55bcfa77c240 (16 bytes)
1695213509.041601 sending message 106 to peer 0x55bcfa77c240 (0 bytes)
1695213509.041622 sending message 200 to peer 0x55bcfa77c240 (4 bytes)
1695213509.041633 client loop enter
1695213509.041762 client_signal: Child exited
1695213509.454069 peer 0x55bcfa77c240 message 207
1695213509.454116 sending message 208 to peer 0x55bcfa77c240 (0 bytes)
1695213531.647428 peer 0x55bcfa77c240 message 203
1695213531.647467 sending message 205 to peer 0x55bcfa77c240 (0 bytes)
1695213531.648655 peer 0x55bcfa77c240 message 204
1695213531.648737 client loop exit
